# JRE version: 7.0_13-b20
# Java VM: Java HotSpot(TM) 64-Bit Server VM (23.7-b01 mixed mode windows-amd64 compressed oops)
Heap
 PSYoungGen      total 30912K, used 9426K [0x00000000eaab0000, 0x00000000f02d0000, 0x0000000100000000)
  eden space 25536K, 15% used [0x00000000eaab0000,0x00000000eaeabe68,0x00000000ec3a0000)
  from space 5376K, 99% used [0x00000000ecfd0000,0x00000000ed508c80,0x00000000ed510000)
  to   space 12480K, 0% used [0x00000000ec3a0000,0x00000000ec3a0000,0x00000000ecfd0000)
 ParOldGen       total 86912K, used 25368K [0x00000000c0000000, 0x00000000c54e0000, 0x00000000eaab0000)
  object space 86912K, 29% used [0x00000000c0000000,0x00000000c18c6368,0x00000000c54e0000)
 PSPermGen       total 21248K, used 6262K [0x00000000bae00000, 0x00000000bc2c0000, 0x00000000c0000000)
  object space 21248K, 29% used [0x00000000bae00000,0x00000000bb41db10,0x00000000bc2c0000)
GC Heap History (10 events):
Event: 7.231 GC heap before
{Heap before GC invocations=2 (full 0):
 PSYoungGen      total 38016K, used 38003K [0x00000000eaab0000, 0x00000000ed510000, 0x0000000100000000)
  eden space 32640K, 100% used [0x00000000eaab0000,0x00000000eca90000,0x00000000eca90000)
  from space 5376K, 99% used [0x00000000eca90000,0x00000000ecfccde0,0x00000000ecfd0000)
  to   space 5376K, 0% used [0x00000000ecfd0000,0x00000000ecfd0000,0x00000000ed510000)
 ParOldGen       total 86912K, used 872K [0x00000000c0000000, 0x00000000c54e0000, 0x00000000eaab0000)
  object space 86912K, 1% used [0x00000000c0000000,0x00000000c00da1e0,0x00000000c54e0000)
 PSPermGen       total 21248K, used 6042K [0x00000000bae00000, 0x00000000bc2c0000, 0x00000000c0000000)
  object space 21248K, 28% used [0x00000000bae00000,0x00000000bb3e69e0,0x00000000bc2c0000)
Event: 7.271 GC heap after
Heap after GC invocations=2 (full 0):
 PSYoungGen      total 38016K, used 5356K [0x00000000eaab0000, 0x00000000ed510000, 0x0000000100000000)
  eden space 32640K, 0% used [0x00000000eaab0000,0x00000000eaab0000,0x00000000eca90000)
  from space 5376K, 99% used [0x00000000ecfd0000,0x00000000ed50b0b8,0x00000000ed510000)
  to   space 5376K, 0% used [0x00000000eca90000,0x00000000eca90000,0x00000000ecfd0000)
 ParOldGen       total 86912K, used 5719K [0x00000000c0000000, 0x00000000c54e0000, 0x00000000eaab0000)
  object space 86912K, 6% used [0x00000000c0000000,0x00000000c0595ef0,0x00000000c54e0000)
 PSPermGen       total 21248K, used 6042K [0x00000000bae00000, 0x00000000bc2c0000, 0x00000000c0000000)
  object space 21248K, 28% used [0x00000000bae00000,0x00000000bb3e69e0,0x00000000bc2c0000)
}
Event: 8.735 GC heap before
{Heap before GC invocations=3 (full 0):
 PSYoungGen      total 38016K, used 37996K [0x00000000eaab0000, 0x00000000ed510000, 0x0000000100000000)
  eden space 32640K, 100% used [0x00000000eaab0000,0x00000000eca90000,0x00000000eca90000)
  from space 5376K, 99% used [0x00000000ecfd0000,0x00000000ed50b0b8,0x00000000ed510000)
  to   space 5376K, 0% used [0x00000000eca90000,0x00000000eca90000,0x00000000ecfd0000)
 ParOldGen       total 86912K, used 5719K [0x00000000c0000000, 0x00000000c54e0000, 0x00000000eaab0000)
  object space 86912K, 6% used [0x00000000c0000000,0x00000000c0595ef0,0x00000000c54e0000)
 PSPermGen       total 21248K, used 6065K [0x00000000bae00000, 0x00000000bc2c0000, 0x00000000c0000000)
  object space 21248K, 28% used [0x00000000bae00000,0x00000000bb3ec438,0x00000000bc2c0000)
Event: 8.747 GC heap after
Heap after GC invocations=3 (full 0):
 PSYoungGen      total 38016K, used 5361K [0x00000000eaab0000, 0x00000000ed510000, 0x0000000100000000)
  eden space 32640K, 0% used [0x00000000eaab0000,0x00000000eaab0000,0x00000000eca90000)
  from space 5376K, 99% used [0x00000000eca90000,0x00000000ecfcc540,0x00000000ecfd0000)
  to   space 5376K, 0% used [0x00000000ecfd0000,0x00000000ecfd0000,0x00000000ed510000)
 ParOldGen       total 86912K, used 10653K [0x00000000c0000000, 0x00000000c54e0000, 0x00000000eaab0000)
  object space 86912K, 12% used [0x00000000c0000000,0x00000000c0a67720,0x00000000c54e0000)
 PSPermGen       total 21248K, used 6065K [0x00000000bae00000, 0x00000000bc2c0000, 0x00000000c0000000)
  object space 21248K, 28% used [0x00000000bae00000,0x00000000bb3ec438,0x00000000bc2c0000)
}
Event: 9.148 GC heap before
{Heap before GC invocations=4 (full 0):
 PSYoungGen      total 38016K, used 38001K [0x00000000eaab0000, 0x00000000ed510000, 0x0000000100000000)
  eden space 32640K, 100% used [0x00000000eaab0000,0x00000000eca90000,0x00000000eca90000)
  from space 5376K, 99% used [0x00000000eca90000,0x00000000ecfcc540,0x00000000ecfd0000)
  to   space 5376K, 0% used [0x00000000ecfd0000,0x00000000ecfd0000,0x00000000ed510000)
 ParOldGen       total 86912K, used 10653K [0x00000000c0000000, 0x00000000c54e0000, 0x00000000eaab0000)
  object space 86912K, 12% used [0x00000000c0000000,0x00000000c0a67720,0x00000000c54e0000)
 PSPermGen       total 21248K, used 6085K [0x00000000bae00000, 0x00000000bc2c0000, 0x00000000c0000000)
  object space 21248K, 28% used [0x00000000bae00000,0x00000000bb3f1490,0x00000000bc2c0000)
Event: 9.331 GC heap after
Heap after GC invocations=4 (full 0):
 PSYoungGen      total 38016K, used 5357K [0x00000000eaab0000, 0x00000000ed510000, 0x0000000100000000)
  eden space 32640K, 0% used [0x00000000eaab0000,0x00000000eaab0000,0x00000000eca90000)
  from space 5376K, 99% used [0x00000000ecfd0000,0x00000000ed50b4f0,0x00000000ed510000)
  to   space 5376K, 0% used [0x00000000eca90000,0x00000000eca90000,0x00000000ecfd0000)
 ParOldGen       total 86912K, used 15648K [0x00000000c0000000, 0x00000000c54e0000, 0x00000000eaab0000)
  object space 86912K, 18% used [0x00000000c0000000,0x00000000c0f48398,0x00000000c54e0000)
 PSPermGen       total 21248K, used 6085K [0x00000000bae00000, 0x00000000bc2c0000, 0x00000000c0000000)
  object space 21248K, 28% used [0x00000000bae00000,0x00000000bb3f1490,0x00000000bc2c0000)
}
Event: 9.767 GC heap before
{Heap before GC invocations=5 (full 0):
 PSYoungGen      total 38016K, used 37997K [0x00000000eaab0000, 0x00000000ed510000, 0x0000000100000000)
  eden space 32640K, 100% used [0x00000000eaab0000,0x00000000eca90000,0x00000000eca90000)
  from space 5376K, 99% used [0x00000000ecfd0000,0x00000000ed50b4f0,0x00000000ed510000)
  to   space 5376K, 0% used [0x00000000eca90000,0x00000000eca90000,0x00000000ecfd0000)
 ParOldGen       total 86912K, used 15648K [0x00000000c0000000, 0x00000000c54e0000, 0x00000000eaab0000)
  object space 86912K, 18% used [0x00000000c0000000,0x00000000c0f48398,0x00000000c54e0000)
 PSPermGen       total 21248K, used 6103K [0x00000000bae00000, 0x00000000bc2c0000, 0x00000000c0000000)
  object space 21248K, 28% used [0x00000000bae00000,0x00000000bb3f5db0,0x00000000bc2c0000)
Event: 9.929 GC heap after
Heap after GC invocations=5 (full 0):
 PSYoungGen      total 38016K, used 5347K [0x00000000eaab0000, 0x00000000ed510000, 0x0000000100000000)
  eden space 32640K, 0% used [0x00000000eaab0000,0x00000000eaab0000,0x00000000eca90000)
  from space 5376K, 99% used [0x00000000eca90000,0x00000000ecfc8c80,0x00000000ecfd0000)
  to   space 5376K, 0% used [0x00000000ecfd0000,0x00000000ecfd0000,0x00000000ed510000)
 ParOldGen       total 86912K, used 20913K [0x00000000c0000000, 0x00000000c54e0000, 0x00000000eaab0000)
  object space 86912K, 24% used [0x00000000c0000000,0x00000000c146c638,0x00000000c54e0000)
 PSPermGen       total 21248K, used 6103K [0x00000000bae00000, 0x00000000bc2c0000, 0x00000000c0000000)
  object space 21248K, 28% used [0x00000000bae00000,0x00000000bb3f5db0,0x00000000bc2c0000)
}
Event: 10.583 GC heap before
{Heap before GC invocations=6 (full 0):
 PSYoungGen      total 38016K, used 37987K [0x00000000eaab0000, 0x00000000ed510000, 0x0000000100000000)
  eden space 32640K, 100% used [0x00000000eaab0000,0x00000000eca90000,0x00000000eca90000)
  from space 5376K, 99% used [0x00000000eca90000,0x00000000ecfc8c80,0x00000000ecfd0000)
  to   space 5376K, 0% used [0x00000000ecfd0000,0x00000000ecfd0000,0x00000000ed510000)
 ParOldGen       total 86912K, used 20913K [0x00000000c0000000, 0x00000000c54e0000, 0x00000000eaab0000)
  object space 86912K, 24% used [0x00000000c0000000,0x00000000c146c638,0x00000000c54e0000)
 PSPermGen       total 21248K, used 6122K [0x00000000bae00000, 0x00000000bc2c0000, 0x00000000c0000000)
  object space 21248K, 28% used [0x00000000bae00000,0x00000000bb3fa9f0,0x00000000bc2c0000)
Event: 10.609 GC heap after
Heap after GC invocations=6 (full 0):
 PSYoungGen      total 30912K, used 5347K [0x00000000eaab0000, 0x00000000f02d0000, 0x0000000100000000)
  eden space 25536K, 0% used [0x00000000eaab0000,0x00000000eaab0000,0x00000000ec3a0000)
  from space 5376K, 99% used [0x00000000ecfd0000,0x00000000ed508c80,0x00000000ed510000)
  to   space 12480K, 0% used [0x00000000ec3a0000,0x00000000ec3a0000,0x00000000ecfd0000)
 ParOldGen       total 86912K, used 25368K [0x00000000c0000000, 0x00000000c54e0000, 0x00000000eaab0000)
  object space 86912K, 29% used [0x00000000c0000000,0x00000000c18c6368,0x00000000c54e0000)
 PSPermGen       total 21248K, used 6122K [0x00000000bae00000, 0x00000000bc2c0000, 0x00000000c0000000)
  object space 21248K, 28% used [0x00000000bae00000,0x00000000bb3fa9f0,0x00000000bc2c0000)
}

