# JRE version: 7.0_13-b20
# Java VM: Java HotSpot(TM) 64-Bit Server VM (23.7-b01 mixed mode windows-amd64 compressed oops)
Heap
 PSYoungGen      total 278464K, used 56927K [0x00000000eaab0000, 0x00000000ff230000, 0x0000000100000000)
  eden space 247296K, 10% used [0x00000000eaab0000,0x00000000ec3dc058,0x00000000f9c30000)
  from space 31168K, 99% used [0x00000000fc300000,0x00000000fe16bf28,0x00000000fe170000)
  to   space 39744K, 0% used [0x00000000f9c30000,0x00000000f9c30000,0x00000000fc300000)
 ParOldGen       total 86912K, used 47786K [0x00000000c0000000, 0x00000000c54e0000, 0x00000000eaab0000)
  object space 86912K, 54% used [0x00000000c0000000,0x00000000c2eaa9b8,0x00000000c54e0000)
 PSPermGen       total 21248K, used 6468K [0x00000000bae00000, 0x00000000bc2c0000, 0x00000000c0000000)
  object space 21248K, 30% used [0x00000000bae00000,0x00000000bb451080,0x00000000bc2c0000)
GC Heap History (10 events):
Event: 3.005 GC heap before
{Heap before GC invocations=4 (full 0):
 PSYoungGen      total 38016K, used 37991K [0x00000000eaab0000, 0x00000000ef4f0000, 0x0000000100000000)
  eden space 32640K, 100% used [0x00000000eaab0000,0x00000000eca90000,0x00000000eca90000)
  from space 5376K, 99% used [0x00000000eca90000,0x00000000ecfc9e88,0x00000000ecfd0000)
  to   space 5376K, 0% used [0x00000000eefb0000,0x00000000eefb0000,0x00000000ef4f0000)
 ParOldGen       total 86912K, used 7360K [0x00000000c0000000, 0x00000000c54e0000, 0x00000000eaab0000)
  object space 86912K, 8% used [0x00000000c0000000,0x00000000c0730118,0x00000000c54e0000)
 PSPermGen       total 21248K, used 6131K [0x00000000bae00000, 0x00000000bc2c0000, 0x00000000c0000000)
  object space 21248K, 28% used [0x00000000bae00000,0x00000000bb3fcd98,0x00000000bc2c0000)
Event: 3.022 GC heap after
Heap after GC invocations=4 (full 0):
 PSYoungGen      total 70656K, used 5348K [0x00000000eaab0000, 0x00000000ef4f0000, 0x0000000100000000)
  eden space 65280K, 0% used [0x00000000eaab0000,0x00000000eaab0000,0x00000000eea70000)
  from space 5376K, 99% used [0x00000000eefb0000,0x00000000ef4e9370,0x00000000ef4f0000)
  to   space 5376K, 0% used [0x00000000eea70000,0x00000000eea70000,0x00000000eefb0000)
 ParOldGen       total 86912K, used 13120K [0x00000000c0000000, 0x00000000c54e0000, 0x00000000eaab0000)
  object space 86912K, 15% used [0x00000000c0000000,0x00000000c0cd0330,0x00000000c54e0000)
 PSPermGen       total 21248K, used 6131K [0x00000000bae00000, 0x00000000bc2c0000, 0x00000000c0000000)
  object space 21248K, 28% used [0x00000000bae00000,0x00000000bb3fcd98,0x00000000bc2c0000)
}
Event: 3.517 GC heap before
{Heap before GC invocations=5 (full 0):
 PSYoungGen      total 70656K, used 70628K [0x00000000eaab0000, 0x00000000ef4f0000, 0x0000000100000000)
  eden space 65280K, 100% used [0x00000000eaab0000,0x00000000eea70000,0x00000000eea70000)
  from space 5376K, 99% used [0x00000000eefb0000,0x00000000ef4e9370,0x00000000ef4f0000)
  to   space 5376K, 0% used [0x00000000eea70000,0x00000000eea70000,0x00000000eefb0000)
 ParOldGen       total 86912K, used 13120K [0x00000000c0000000, 0x00000000c54e0000, 0x00000000eaab0000)
  object space 86912K, 15% used [0x00000000c0000000,0x00000000c0cd0330,0x00000000c54e0000)
 PSPermGen       total 21248K, used 6178K [0x00000000bae00000, 0x00000000bc2c0000, 0x00000000c0000000)
  object space 21248K, 29% used [0x00000000bae00000,0x00000000bb408b88,0x00000000bc2c0000)
Event: 3.554 GC heap after
Heap after GC invocations=5 (full 0):
 PSYoungGen      total 70656K, used 5348K [0x00000000eaab0000, 0x00000000f4bf0000, 0x0000000100000000)
  eden space 65280K, 0% used [0x00000000eaab0000,0x00000000eaab0000,0x00000000eea70000)
  from space 5376K, 99% used [0x00000000eea70000,0x00000000eefa9350,0x00000000eefb0000)
  to   space 17280K, 0% used [0x00000000f3b10000,0x00000000f3b10000,0x00000000f4bf0000)
 ParOldGen       total 86912K, used 23907K [0x00000000c0000000, 0x00000000c54e0000, 0x00000000eaab0000)
  object space 86912K, 27% used [0x00000000c0000000,0x00000000c1758f48,0x00000000c54e0000)
 PSPermGen       total 21248K, used 6178K [0x00000000bae00000, 0x00000000bc2c0000, 0x00000000c0000000)
  object space 21248K, 29% used [0x00000000bae00000,0x00000000bb408b88,0x00000000bc2c0000)
}
Event: 3.895 GC heap before
{Heap before GC invocations=6 (full 0):
 PSYoungGen      total 70656K, used 70628K [0x00000000eaab0000, 0x00000000f4bf0000, 0x0000000100000000)
  eden space 65280K, 100% used [0x00000000eaab0000,0x00000000eea70000,0x00000000eea70000)
  from space 5376K, 99% used [0x00000000eea70000,0x00000000eefa9350,0x00000000eefb0000)
  to   space 17280K, 0% used [0x00000000f3b10000,0x00000000f3b10000,0x00000000f4bf0000)
 ParOldGen       total 86912K, used 23907K [0x00000000c0000000, 0x00000000c54e0000, 0x00000000eaab0000)
  object space 86912K, 27% used [0x00000000c0000000,0x00000000c1758f48,0x00000000c54e0000)
 PSPermGen       total 21248K, used 6200K [0x00000000bae00000, 0x00000000bc2c0000, 0x00000000c0000000)
  object space 21248K, 29% used [0x00000000bae00000,0x00000000bb40e2c0,0x00000000bc2c0000)
Event: 3.919 GC heap after
Heap after GC invocations=6 (full 0):
 PSYoungGen      total 145216K, used 16745K [0x00000000eaab0000, 0x00000000f5110000, 0x0000000100000000)
  eden space 127936K, 0% used [0x00000000eaab0000,0x00000000eaab0000,0x00000000f27a0000)
  from space 17280K, 96% used [0x00000000f3b10000,0x00000000f4b6a780,0x00000000f4bf0000)
  to   space 19904K, 0% used [0x00000000f27a0000,0x00000000f27a0000,0x00000000f3b10000)
 ParOldGen       total 86912K, used 23907K [0x00000000c0000000, 0x00000000c54e0000, 0x00000000eaab0000)
  object space 86912K, 27% used [0x00000000c0000000,0x00000000c1758f48,0x00000000c54e0000)
 PSPermGen       total 21248K, used 6200K [0x00000000bae00000, 0x00000000bc2c0000, 0x00000000c0000000)
  object space 21248K, 29% used [0x00000000bae00000,0x00000000bb40e2c0,0x00000000bc2c0000)
}
Event: 4.529 GC heap before
{Heap before GC invocations=7 (full 0):
 PSYoungGen      total 145216K, used 144681K [0x00000000eaab0000, 0x00000000f5110000, 0x0000000100000000)
  eden space 127936K, 100% used [0x00000000eaab0000,0x00000000f27a0000,0x00000000f27a0000)
  from space 17280K, 96% used [0x00000000f3b10000,0x00000000f4b6a780,0x00000000f4bf0000)
  to   space 19904K, 0% used [0x00000000f27a0000,0x00000000f27a0000,0x00000000f3b10000)
 ParOldGen       total 86912K, used 23907K [0x00000000c0000000, 0x00000000c54e0000, 0x00000000eaab0000)
  object space 86912K, 27% used [0x00000000c0000000,0x00000000c1758f48,0x00000000c54e0000)
 PSPermGen       total 21248K, used 6268K [0x00000000bae00000, 0x00000000bc2c0000, 0x00000000c0000000)
  object space 21248K, 29% used [0x00000000bae00000,0x00000000bb41f198,0x00000000bc2c0000)
Event: 4.587 GC heap after
Heap after GC invocations=7 (full 0):
 PSYoungGen      total 147840K, used 19873K [0x00000000eaab0000, 0x00000000fe170000, 0x0000000100000000)
  eden space 127936K, 0% used [0x00000000eaab0000,0x00000000eaab0000,0x00000000f27a0000)
  from space 19904K, 99% used [0x00000000f27a0000,0x00000000f3b086e8,0x00000000f3b10000)
  to   space 31168K, 0% used [0x00000000fc300000,0x00000000fc300000,0x00000000fe170000)
 ParOldGen       total 86912K, used 40064K [0x00000000c0000000, 0x00000000c54e0000, 0x00000000eaab0000)
  object space 86912K, 46% used [0x00000000c0000000,0x00000000c2720140,0x00000000c54e0000)
 PSPermGen       total 21248K, used 6268K [0x00000000bae00000, 0x00000000bc2c0000, 0x00000000c0000000)
  object space 21248K, 29% used [0x00000000bae00000,0x00000000bb41f198,0x00000000bc2c0000)
}
Event: 4.976 GC heap before
{Heap before GC invocations=8 (full 0):
 PSYoungGen      total 147840K, used 147809K [0x00000000eaab0000, 0x00000000fe170000, 0x0000000100000000)
  eden space 127936K, 100% used [0x00000000eaab0000,0x00000000f27a0000,0x00000000f27a0000)
  from space 19904K, 99% used [0x00000000f27a0000,0x00000000f3b086e8,0x00000000f3b10000)
  to   space 31168K, 0% used [0x00000000fc300000,0x00000000fc300000,0x00000000fe170000)
 ParOldGen       total 86912K, used 40064K [0x00000000c0000000, 0x00000000c54e0000, 0x00000000eaab0000)
  object space 86912K, 46% used [0x00000000c0000000,0x00000000c2720140,0x00000000c54e0000)
 PSPermGen       total 21248K, used 6291K [0x00000000bae00000, 0x00000000bc2c0000, 0x00000000c0000000)
  object space 21248K, 29% used [0x00000000bae00000,0x00000000bb424ec8,0x00000000bc2c0000)
Event: 5.032 GC heap after
Heap after GC invocations=8 (full 0):
 PSYoungGen      total 278464K, used 31151K [0x00000000eaab0000, 0x00000000ff230000, 0x0000000100000000)
  eden space 247296K, 0% used [0x00000000eaab0000,0x00000000eaab0000,0x00000000f9c30000)
  from space 31168K, 99% used [0x00000000fc300000,0x00000000fe16bf28,0x00000000fe170000)
  to   space 39744K, 0% used [0x00000000f9c30000,0x00000000f9c30000,0x00000000fc300000)
 ParOldGen       total 86912K, used 47786K [0x00000000c0000000, 0x00000000c54e0000, 0x00000000eaab0000)
  object space 86912K, 54% used [0x00000000c0000000,0x00000000c2eaa9b8,0x00000000c54e0000)
 PSPermGen       total 21248K, used 6291K [0x00000000bae00000, 0x00000000bc2c0000, 0x00000000c0000000)
  object space 21248K, 29% used [0x00000000bae00000,0x00000000bb424ec8,0x00000000bc2c0000)
}

