# JRE version: 7.0_13-b20
# Java VM: Java HotSpot(TM) 64-Bit Server VM (23.7-b01 mixed mode windows-amd64 compressed oops)
Heap
 PSYoungGen      total 70656K, used 28704K [0x00000000eaab0000, 0x00000000f34b0000, 0x0000000100000000)
  eden space 65280K, 35% used [0x00000000eaab0000,0x00000000ec17d688,0x00000000eea70000)
  from space 5376K, 99% used [0x00000000eea70000,0x00000000eefaab28,0x00000000eefb0000)
  to   space 5376K, 0% used [0x00000000f2f70000,0x00000000f2f70000,0x00000000f34b0000)
 ParOldGen       total 86912K, used 14736K [0x00000000c0000000, 0x00000000c54e0000, 0x00000000eaab0000)
  object space 86912K, 16% used [0x00000000c0000000,0x00000000c0e64088,0x00000000c54e0000)
 PSPermGen       total 21248K, used 6141K [0x00000000bae00000, 0x00000000bc2c0000, 0x00000000c0000000)
  object space 21248K, 28% used [0x00000000bae00000,0x00000000bb3ff598,0x00000000bc2c0000)
GC Heap History (6 events):
Event: 3.122 GC heap before
{Heap before GC invocations=1 (full 0):
 PSYoungGen      total 38016K, used 32640K [0x00000000eaab0000, 0x00000000ed510000, 0x0000000100000000)
  eden space 32640K, 100% used [0x00000000eaab0000,0x00000000eca90000,0x00000000eca90000)
  from space 5376K, 0% used [0x00000000ecfd0000,0x00000000ecfd0000,0x00000000ed510000)
  to   space 5376K, 0% used [0x00000000eca90000,0x00000000eca90000,0x00000000ecfd0000)
 ParOldGen       total 86912K, used 0K [0x00000000c0000000, 0x00000000c54e0000, 0x00000000eaab0000)
  object space 86912K, 0% used [0x00000000c0000000,0x00000000c0000000,0x00000000c54e0000)
 PSPermGen       total 21248K, used 5961K [0x00000000bae00000, 0x00000000bc2c0000, 0x00000000c0000000)
  object space 21248K, 28% used [0x00000000bae00000,0x00000000bb3d2470,0x00000000bc2c0000)
Event: 3.283 GC heap after
Heap after GC invocations=1 (full 0):
 PSYoungGen      total 38016K, used 5374K [0x00000000eaab0000, 0x00000000ef4f0000, 0x0000000100000000)
  eden space 32640K, 0% used [0x00000000eaab0000,0x00000000eaab0000,0x00000000eca90000)
  from space 5376K, 99% used [0x00000000eca90000,0x00000000ecfcf8f8,0x00000000ecfd0000)
  to   space 5376K, 0% used [0x00000000eefb0000,0x00000000eefb0000,0x00000000ef4f0000)
 ParOldGen       total 86912K, used 1028K [0x00000000c0000000, 0x00000000c54e0000, 0x00000000eaab0000)
  object space 86912K, 1% used [0x00000000c0000000,0x00000000c0101110,0x00000000c54e0000)
 PSPermGen       total 21248K, used 5961K [0x00000000bae00000, 0x00000000bc2c0000, 0x00000000c0000000)
  object space 21248K, 28% used [0x00000000bae00000,0x00000000bb3d2470,0x00000000bc2c0000)
}
Event: 6.410 GC heap before
{Heap before GC invocations=2 (full 0):
 PSYoungGen      total 38016K, used 38014K [0x00000000eaab0000, 0x00000000ef4f0000, 0x0000000100000000)
  eden space 32640K, 100% used [0x00000000eaab0000,0x00000000eca90000,0x00000000eca90000)
  from space 5376K, 99% used [0x00000000eca90000,0x00000000ecfcf8f8,0x00000000ecfd0000)
  to   space 5376K, 0% used [0x00000000eefb0000,0x00000000eefb0000,0x00000000ef4f0000)
 ParOldGen       total 86912K, used 1028K [0x00000000c0000000, 0x00000000c54e0000, 0x00000000eaab0000)
  object space 86912K, 1% used [0x00000000c0000000,0x00000000c0101110,0x00000000c54e0000)
 PSPermGen       total 21248K, used 6072K [0x00000000bae00000, 0x00000000bc2c0000, 0x00000000c0000000)
  object space 21248K, 28% used [0x00000000bae00000,0x00000000bb3ee180,0x00000000bc2c0000)
Event: 6.491 GC heap after
Heap after GC invocations=2 (full 0):
 PSYoungGen      total 70656K, used 5367K [0x00000000eaab0000, 0x00000000ef4f0000, 0x0000000100000000)
  eden space 65280K, 0% used [0x00000000eaab0000,0x00000000eaab0000,0x00000000eea70000)
  from space 5376K, 99% used [0x00000000eefb0000,0x00000000ef4ede00,0x00000000ef4f0000)
  to   space 5376K, 0% used [0x00000000eea70000,0x00000000eea70000,0x00000000eefb0000)
 ParOldGen       total 86912K, used 4653K [0x00000000c0000000, 0x00000000c54e0000, 0x00000000eaab0000)
  object space 86912K, 5% used [0x00000000c0000000,0x00000000c048b6b0,0x00000000c54e0000)
 PSPermGen       total 21248K, used 6072K [0x00000000bae00000, 0x00000000bc2c0000, 0x00000000c0000000)
  object space 21248K, 28% used [0x00000000bae00000,0x00000000bb3ee180,0x00000000bc2c0000)
}
Event: 7.699 GC heap before
{Heap before GC invocations=3 (full 0):
 PSYoungGen      total 70656K, used 70647K [0x00000000eaab0000, 0x00000000ef4f0000, 0x0000000100000000)
  eden space 65280K, 100% used [0x00000000eaab0000,0x00000000eea70000,0x00000000eea70000)
  from space 5376K, 99% used [0x00000000eefb0000,0x00000000ef4ede00,0x00000000ef4f0000)
  to   space 5376K, 0% used [0x00000000eea70000,0x00000000eea70000,0x00000000eefb0000)
 ParOldGen       total 86912K, used 4653K [0x00000000c0000000, 0x00000000c54e0000, 0x00000000eaab0000)
  object space 86912K, 5% used [0x00000000c0000000,0x00000000c048b6b0,0x00000000c54e0000)
 PSPermGen       total 21248K, used 6135K [0x00000000bae00000, 0x00000000bc2c0000, 0x00000000c0000000)
  object space 21248K, 28% used [0x00000000bae00000,0x00000000bb3fde60,0x00000000bc2c0000)
Event: 7.720 GC heap after
Heap after GC invocations=3 (full 0):
 PSYoungGen      total 70656K, used 5354K [0x00000000eaab0000, 0x00000000f34b0000, 0x0000000100000000)
  eden space 65280K, 0% used [0x00000000eaab0000,0x00000000eaab0000,0x00000000eea70000)
  from space 5376K, 99% used [0x00000000eea70000,0x00000000eefaab28,0x00000000eefb0000)
  to   space 5376K, 0% used [0x00000000f2f70000,0x00000000f2f70000,0x00000000f34b0000)
 ParOldGen       total 86912K, used 14736K [0x00000000c0000000, 0x00000000c54e0000, 0x00000000eaab0000)
  object space 86912K, 16% used [0x00000000c0000000,0x00000000c0e64088,0x00000000c54e0000)
 PSPermGen       total 21248K, used 6135K [0x00000000bae00000, 0x00000000bc2c0000, 0x00000000c0000000)
  object space 21248K, 28% used [0x00000000bae00000,0x00000000bb3fde60,0x00000000bc2c0000)
}

