# JRE version: 7.0_13-b20
# Java VM: Java HotSpot(TM) 64-Bit Server VM (23.7-b01 mixed mode windows-amd64 compressed oops)
Heap
 PSYoungGen      total 70656K, used 66691K [0x00000000eaab0000, 0x00000000ef4f0000, 0x0000000100000000)
  eden space 65280K, 93% used [0x00000000eaab0000,0x00000000ee695928,0x00000000eea70000)
  from space 5376K, 99% used [0x00000000eefb0000,0x00000000ef4eb6b8,0x00000000ef4f0000)
  to   space 5376K, 0% used [0x00000000eea70000,0x00000000eea70000,0x00000000eefb0000)
 ParOldGen       total 86912K, used 34979K [0x00000000c0000000, 0x00000000c54e0000, 0x00000000eaab0000)
  object space 86912K, 40% used [0x00000000c0000000,0x00000000c2228d28,0x00000000c54e0000)
 PSPermGen       total 21248K, used 6208K [0x00000000bae00000, 0x00000000bc2c0000, 0x00000000c0000000)
  object space 21248K, 29% used [0x00000000bae00000,0x00000000bb410258,0x00000000bc2c0000)
GC Heap History (10 events):
Event: 7.536 GC heap before
{Heap before GC invocations=2 (full 0):
 PSYoungGen      total 38016K, used 37999K [0x00000000eaab0000, 0x00000000ef4f0000, 0x0000000100000000)
  eden space 32640K, 100% used [0x00000000eaab0000,0x00000000eca90000,0x00000000eca90000)
  from space 5376K, 99% used [0x00000000eca90000,0x00000000ecfcbf88,0x00000000ecfd0000)
  to   space 5376K, 0% used [0x00000000eefb0000,0x00000000eefb0000,0x00000000ef4f0000)
 ParOldGen       total 86912K, used 922K [0x00000000c0000000, 0x00000000c54e0000, 0x00000000eaab0000)
  object space 86912K, 1% used [0x00000000c0000000,0x00000000c00e6b40,0x00000000c54e0000)
 PSPermGen       total 21248K, used 6069K [0x00000000bae00000, 0x00000000bc2c0000, 0x00000000c0000000)
  object space 21248K, 28% used [0x00000000bae00000,0x00000000bb3ed510,0x00000000bc2c0000)
Event: 7.547 GC heap after
Heap after GC invocations=2 (full 0):
 PSYoungGen      total 38016K, used 5367K [0x00000000eaab0000, 0x00000000ef4f0000, 0x0000000100000000)
  eden space 32640K, 0% used [0x00000000eaab0000,0x00000000eaab0000,0x00000000eca90000)
  from space 5376K, 99% used [0x00000000eefb0000,0x00000000ef4ede20,0x00000000ef4f0000)
  to   space 5376K, 0% used [0x00000000eca90000,0x00000000eca90000,0x00000000ecfd0000)
 ParOldGen       total 86912K, used 4626K [0x00000000c0000000, 0x00000000c54e0000, 0x00000000eaab0000)
  object space 86912K, 5% used [0x00000000c0000000,0x00000000c0484be8,0x00000000c54e0000)
 PSPermGen       total 21248K, used 6069K [0x00000000bae00000, 0x00000000bc2c0000, 0x00000000c0000000)
  object space 21248K, 28% used [0x00000000bae00000,0x00000000bb3ed510,0x00000000bc2c0000)
}
Event: 8.679 GC heap before
{Heap before GC invocations=3 (full 0):
 PSYoungGen      total 38016K, used 38007K [0x00000000eaab0000, 0x00000000ef4f0000, 0x0000000100000000)
  eden space 32640K, 100% used [0x00000000eaab0000,0x00000000eca90000,0x00000000eca90000)
  from space 5376K, 99% used [0x00000000eefb0000,0x00000000ef4ede20,0x00000000ef4f0000)
  to   space 5376K, 0% used [0x00000000eca90000,0x00000000eca90000,0x00000000ecfd0000)
 ParOldGen       total 86912K, used 4626K [0x00000000c0000000, 0x00000000c54e0000, 0x00000000eaab0000)
  object space 86912K, 5% used [0x00000000c0000000,0x00000000c0484be8,0x00000000c54e0000)
 PSPermGen       total 21248K, used 6103K [0x00000000bae00000, 0x00000000bc2c0000, 0x00000000c0000000)
  object space 21248K, 28% used [0x00000000bae00000,0x00000000bb3f5c98,0x00000000bc2c0000)
Event: 8.816 GC heap after
Heap after GC invocations=3 (full 0):
 PSYoungGen      total 38016K, used 5375K [0x00000000eaab0000, 0x00000000ef4f0000, 0x0000000100000000)
  eden space 32640K, 0% used [0x00000000eaab0000,0x00000000eaab0000,0x00000000eca90000)
  from space 5376K, 99% used [0x00000000eca90000,0x00000000ecfcfd28,0x00000000ecfd0000)
  to   space 5376K, 0% used [0x00000000eefb0000,0x00000000eefb0000,0x00000000ef4f0000)
 ParOldGen       total 86912K, used 9796K [0x00000000c0000000, 0x00000000c54e0000, 0x00000000eaab0000)
  object space 86912K, 11% used [0x00000000c0000000,0x00000000c09912e8,0x00000000c54e0000)
 PSPermGen       total 21248K, used 6103K [0x00000000bae00000, 0x00000000bc2c0000, 0x00000000c0000000)
  object space 21248K, 28% used [0x00000000bae00000,0x00000000bb3f5c98,0x00000000bc2c0000)
}
Event: 9.332 GC heap before
{Heap before GC invocations=4 (full 0):
 PSYoungGen      total 38016K, used 38015K [0x00000000eaab0000, 0x00000000ef4f0000, 0x0000000100000000)
  eden space 32640K, 100% used [0x00000000eaab0000,0x00000000eca90000,0x00000000eca90000)
  from space 5376K, 99% used [0x00000000eca90000,0x00000000ecfcfd28,0x00000000ecfd0000)
  to   space 5376K, 0% used [0x00000000eefb0000,0x00000000eefb0000,0x00000000ef4f0000)
 ParOldGen       total 86912K, used 9796K [0x00000000c0000000, 0x00000000c54e0000, 0x00000000eaab0000)
  object space 86912K, 11% used [0x00000000c0000000,0x00000000c09912e8,0x00000000c54e0000)
 PSPermGen       total 21248K, used 6135K [0x00000000bae00000, 0x00000000bc2c0000, 0x00000000c0000000)
  object space 21248K, 28% used [0x00000000bae00000,0x00000000bb3fdc40,0x00000000bc2c0000)
Event: 9.457 GC heap after
Heap after GC invocations=4 (full 0):
 PSYoungGen      total 70656K, used 5375K [0x00000000eaab0000, 0x00000000ef4f0000, 0x0000000100000000)
  eden space 65280K, 0% used [0x00000000eaab0000,0x00000000eaab0000,0x00000000eea70000)
  from space 5376K, 99% used [0x00000000eefb0000,0x00000000ef4eff28,0x00000000ef4f0000)
  to   space 5376K, 0% used [0x00000000eea70000,0x00000000eea70000,0x00000000eefb0000)
 ParOldGen       total 86912K, used 15300K [0x00000000c0000000, 0x00000000c54e0000, 0x00000000eaab0000)
  object space 86912K, 17% used [0x00000000c0000000,0x00000000c0ef1230,0x00000000c54e0000)
 PSPermGen       total 21248K, used 6135K [0x00000000bae00000, 0x00000000bc2c0000, 0x00000000c0000000)
  object space 21248K, 28% used [0x00000000bae00000,0x00000000bb3fdc40,0x00000000bc2c0000)
}
Event: 10.457 GC heap before
{Heap before GC invocations=5 (full 0):
 PSYoungGen      total 70656K, used 70655K [0x00000000eaab0000, 0x00000000ef4f0000, 0x0000000100000000)
  eden space 65280K, 100% used [0x00000000eaab0000,0x00000000eea70000,0x00000000eea70000)
  from space 5376K, 99% used [0x00000000eefb0000,0x00000000ef4eff28,0x00000000ef4f0000)
  to   space 5376K, 0% used [0x00000000eea70000,0x00000000eea70000,0x00000000eefb0000)
 ParOldGen       total 86912K, used 15300K [0x00000000c0000000, 0x00000000c54e0000, 0x00000000eaab0000)
  object space 86912K, 17% used [0x00000000c0000000,0x00000000c0ef1230,0x00000000c54e0000)
 PSPermGen       total 21248K, used 6170K [0x00000000bae00000, 0x00000000bc2c0000, 0x00000000c0000000)
  object space 21248K, 29% used [0x00000000bae00000,0x00000000bb406ab8,0x00000000bc2c0000)
Event: 10.574 GC heap after
Heap after GC invocations=5 (full 0):
 PSYoungGen      total 70656K, used 5354K [0x00000000eaab0000, 0x00000000ef4f0000, 0x0000000100000000)
  eden space 65280K, 0% used [0x00000000eaab0000,0x00000000eaab0000,0x00000000eea70000)
  from space 5376K, 99% used [0x00000000eea70000,0x00000000eefaaa60,0x00000000eefb0000)
  to   space 5376K, 0% used [0x00000000eefb0000,0x00000000eefb0000,0x00000000ef4f0000)
 ParOldGen       total 86912K, used 24771K [0x00000000c0000000, 0x00000000c54e0000, 0x00000000eaab0000)
  object space 86912K, 28% used [0x00000000c0000000,0x00000000c1830c10,0x00000000c54e0000)
 PSPermGen       total 21248K, used 6170K [0x00000000bae00000, 0x00000000bc2c0000, 0x00000000c0000000)
  object space 21248K, 29% used [0x00000000bae00000,0x00000000bb406ab8,0x00000000bc2c0000)
}
Event: 10.875 GC heap before
{Heap before GC invocations=6 (full 0):
 PSYoungGen      total 70656K, used 70634K [0x00000000eaab0000, 0x00000000ef4f0000, 0x0000000100000000)
  eden space 65280K, 100% used [0x00000000eaab0000,0x00000000eea70000,0x00000000eea70000)
  from space 5376K, 99% used [0x00000000eea70000,0x00000000eefaaa60,0x00000000eefb0000)
  to   space 5376K, 0% used [0x00000000eefb0000,0x00000000eefb0000,0x00000000ef4f0000)
 ParOldGen       total 86912K, used 24771K [0x00000000c0000000, 0x00000000c54e0000, 0x00000000eaab0000)
  object space 86912K, 28% used [0x00000000c0000000,0x00000000c1830c10,0x00000000c54e0000)
 PSPermGen       total 21248K, used 6189K [0x00000000bae00000, 0x00000000bc2c0000, 0x00000000c0000000)
  object space 21248K, 29% used [0x00000000bae00000,0x00000000bb40b678,0x00000000bc2c0000)
Event: 10.903 GC heap after
Heap after GC invocations=6 (full 0):
 PSYoungGen      total 70656K, used 5357K [0x00000000eaab0000, 0x00000000ef4f0000, 0x0000000100000000)
  eden space 65280K, 0% used [0x00000000eaab0000,0x00000000eaab0000,0x00000000eea70000)
  from space 5376K, 99% used [0x00000000eefb0000,0x00000000ef4eb6b8,0x00000000ef4f0000)
  to   space 5376K, 0% used [0x00000000eea70000,0x00000000eea70000,0x00000000eefb0000)
 ParOldGen       total 86912K, used 34979K [0x00000000c0000000, 0x00000000c54e0000, 0x00000000eaab0000)
  object space 86912K, 40% used [0x00000000c0000000,0x00000000c2228d28,0x00000000c54e0000)
 PSPermGen       total 21248K, used 6189K [0x00000000bae00000, 0x00000000bc2c0000, 0x00000000c0000000)
  object space 21248K, 29% used [0x00000000bae00000,0x00000000bb40b678,0x00000000bc2c0000)
}

