# JRE version: 7.0_13-b20
# Java VM: Java HotSpot(TM) 64-Bit Server VM (23.7-b01 mixed mode windows-amd64 compressed oops)
Heap
 PSYoungGen      total 279104K, used 70794K [0x00000000eaab0000, 0x00000000ff230000, 0x0000000100000000)
  eden space 247616K, 15% used [0x00000000eaab0000,0x00000000ed117338,0x00000000f9c80000)
  from space 31488K, 99% used [0x00000000fc350000,0x00000000fe20b5d8,0x00000000fe210000)
  to   space 39744K, 0% used [0x00000000f9c80000,0x00000000f9c80000,0x00000000fc350000)
 ParOldGen       total 86912K, used 48712K [0x00000000c0000000, 0x00000000c54e0000, 0x00000000eaab0000)
  object space 86912K, 56% used [0x00000000c0000000,0x00000000c2f92320,0x00000000c54e0000)
 PSPermGen       total 21248K, used 6550K [0x00000000bae00000, 0x00000000bc2c0000, 0x00000000c0000000)
  object space 21248K, 30% used [0x00000000bae00000,0x00000000bb465ab0,0x00000000bc2c0000)
GC Heap History (10 events):
Event: 7.456 GC heap before
{Heap before GC invocations=4 (full 0):
 PSYoungGen      total 38016K, used 37991K [0x00000000eaab0000, 0x00000000ef4f0000, 0x0000000100000000)
  eden space 32640K, 100% used [0x00000000eaab0000,0x00000000eca90000,0x00000000eca90000)
  from space 5376K, 99% used [0x00000000eca90000,0x00000000ecfc9e40,0x00000000ecfd0000)
  to   space 5376K, 0% used [0x00000000eefb0000,0x00000000eefb0000,0x00000000ef4f0000)
 ParOldGen       total 86912K, used 7722K [0x00000000c0000000, 0x00000000c54e0000, 0x00000000eaab0000)
  object space 86912K, 8% used [0x00000000c0000000,0x00000000c078aa10,0x00000000c54e0000)
 PSPermGen       total 21248K, used 6130K [0x00000000bae00000, 0x00000000bc2c0000, 0x00000000c0000000)
  object space 21248K, 28% used [0x00000000bae00000,0x00000000bb3fcaa8,0x00000000bc2c0000)
Event: 7.476 GC heap after
Heap after GC invocations=4 (full 0):
 PSYoungGen      total 70656K, used 5346K [0x00000000eaab0000, 0x00000000ef4f0000, 0x0000000100000000)
  eden space 65280K, 0% used [0x00000000eaab0000,0x00000000eaab0000,0x00000000eea70000)
  from space 5376K, 99% used [0x00000000eefb0000,0x00000000ef4e8890,0x00000000ef4f0000)
  to   space 5376K, 0% used [0x00000000eea70000,0x00000000eea70000,0x00000000eefb0000)
 ParOldGen       total 86912K, used 13463K [0x00000000c0000000, 0x00000000c54e0000, 0x00000000eaab0000)
  object space 86912K, 15% used [0x00000000c0000000,0x00000000c0d25c78,0x00000000c54e0000)
 PSPermGen       total 21248K, used 6130K [0x00000000bae00000, 0x00000000bc2c0000, 0x00000000c0000000)
  object space 21248K, 28% used [0x00000000bae00000,0x00000000bb3fcaa8,0x00000000bc2c0000)
}
Event: 8.090 GC heap before
{Heap before GC invocations=5 (full 0):
 PSYoungGen      total 70656K, used 70626K [0x00000000eaab0000, 0x00000000ef4f0000, 0x0000000100000000)
  eden space 65280K, 100% used [0x00000000eaab0000,0x00000000eea70000,0x00000000eea70000)
  from space 5376K, 99% used [0x00000000eefb0000,0x00000000ef4e8890,0x00000000ef4f0000)
  to   space 5376K, 0% used [0x00000000eea70000,0x00000000eea70000,0x00000000eefb0000)
 ParOldGen       total 86912K, used 13463K [0x00000000c0000000, 0x00000000c54e0000, 0x00000000eaab0000)
  object space 86912K, 15% used [0x00000000c0000000,0x00000000c0d25c78,0x00000000c54e0000)
 PSPermGen       total 21248K, used 6175K [0x00000000bae00000, 0x00000000bc2c0000, 0x00000000c0000000)
  object space 21248K, 29% used [0x00000000bae00000,0x00000000bb407e88,0x00000000bc2c0000)
Event: 8.113 GC heap after
Heap after GC invocations=5 (full 0):
 PSYoungGen      total 70656K, used 5348K [0x00000000eaab0000, 0x00000000f4b70000, 0x0000000100000000)
  eden space 65280K, 0% used [0x00000000eaab0000,0x00000000eaab0000,0x00000000eea70000)
  from space 5376K, 99% used [0x00000000eea70000,0x00000000eefa9350,0x00000000eefb0000)
  to   space 17024K, 0% used [0x00000000f3ad0000,0x00000000f3ad0000,0x00000000f4b70000)
 ParOldGen       total 86912K, used 24275K [0x00000000c0000000, 0x00000000c54e0000, 0x00000000eaab0000)
  object space 86912K, 27% used [0x00000000c0000000,0x00000000c17b4e00,0x00000000c54e0000)
 PSPermGen       total 21248K, used 6175K [0x00000000bae00000, 0x00000000bc2c0000, 0x00000000c0000000)
  object space 21248K, 29% used [0x00000000bae00000,0x00000000bb407e88,0x00000000bc2c0000)
}
Event: 8.513 GC heap before
{Heap before GC invocations=6 (full 0):
 PSYoungGen      total 70656K, used 70628K [0x00000000eaab0000, 0x00000000f4b70000, 0x0000000100000000)
  eden space 65280K, 100% used [0x00000000eaab0000,0x00000000eea70000,0x00000000eea70000)
  from space 5376K, 99% used [0x00000000eea70000,0x00000000eefa9350,0x00000000eefb0000)
  to   space 17024K, 0% used [0x00000000f3ad0000,0x00000000f3ad0000,0x00000000f4b70000)
 ParOldGen       total 86912K, used 24275K [0x00000000c0000000, 0x00000000c54e0000, 0x00000000eaab0000)
  object space 86912K, 27% used [0x00000000c0000000,0x00000000c17b4e00,0x00000000c54e0000)
 PSPermGen       total 21248K, used 6194K [0x00000000bae00000, 0x00000000bc2c0000, 0x00000000c0000000)
  object space 21248K, 29% used [0x00000000bae00000,0x00000000bb40cb80,0x00000000bc2c0000)
Event: 8.543 GC heap after
Heap after GC invocations=6 (full 0):
 PSYoungGen      total 144960K, used 16846K [0x00000000eaab0000, 0x00000000f5090000, 0x0000000100000000)
  eden space 127936K, 0% used [0x00000000eaab0000,0x00000000eaab0000,0x00000000f27a0000)
  from space 17024K, 98% used [0x00000000f3ad0000,0x00000000f4b438b0,0x00000000f4b70000)
  to   space 19648K, 0% used [0x00000000f27a0000,0x00000000f27a0000,0x00000000f3ad0000)
 ParOldGen       total 86912K, used 24275K [0x00000000c0000000, 0x00000000c54e0000, 0x00000000eaab0000)
  object space 86912K, 27% used [0x00000000c0000000,0x00000000c17b4e00,0x00000000c54e0000)
 PSPermGen       total 21248K, used 6194K [0x00000000bae00000, 0x00000000bc2c0000, 0x00000000c0000000)
  object space 21248K, 29% used [0x00000000bae00000,0x00000000bb40cb80,0x00000000bc2c0000)
}
Event: 9.047 GC heap before
{Heap before GC invocations=7 (full 0):
 PSYoungGen      total 144960K, used 144782K [0x00000000eaab0000, 0x00000000f5090000, 0x0000000100000000)
  eden space 127936K, 100% used [0x00000000eaab0000,0x00000000f27a0000,0x00000000f27a0000)
  from space 17024K, 98% used [0x00000000f3ad0000,0x00000000f4b438b0,0x00000000f4b70000)
  to   space 19648K, 0% used [0x00000000f27a0000,0x00000000f27a0000,0x00000000f3ad0000)
 ParOldGen       total 86912K, used 24275K [0x00000000c0000000, 0x00000000c54e0000, 0x00000000eaab0000)
  object space 86912K, 27% used [0x00000000c0000000,0x00000000c17b4e00,0x00000000c54e0000)
 PSPermGen       total 21248K, used 6265K [0x00000000bae00000, 0x00000000bc2c0000, 0x00000000c0000000)
  object space 21248K, 29% used [0x00000000bae00000,0x00000000bb41e658,0x00000000bc2c0000)
Event: 9.154 GC heap after
Heap after GC invocations=7 (full 0):
 PSYoungGen      total 147584K, used 19641K [0x00000000eaab0000, 0x00000000fe210000, 0x0000000100000000)
  eden space 127936K, 0% used [0x00000000eaab0000,0x00000000eaab0000,0x00000000f27a0000)
  from space 19648K, 99% used [0x00000000f27a0000,0x00000000f3ace6b0,0x00000000f3ad0000)
  to   space 31488K, 0% used [0x00000000fc350000,0x00000000fc350000,0x00000000fe210000)
 ParOldGen       total 86912K, used 41807K [0x00000000c0000000, 0x00000000c54e0000, 0x00000000eaab0000)
  object space 86912K, 48% used [0x00000000c0000000,0x00000000c28d3cd8,0x00000000c54e0000)
 PSPermGen       total 21248K, used 6265K [0x00000000bae00000, 0x00000000bc2c0000, 0x00000000c0000000)
  object space 21248K, 29% used [0x00000000bae00000,0x00000000bb41e658,0x00000000bc2c0000)
}
Event: 9.600 GC heap before
{Heap before GC invocations=8 (full 0):
 PSYoungGen      total 147584K, used 147577K [0x00000000eaab0000, 0x00000000fe210000, 0x0000000100000000)
  eden space 127936K, 100% used [0x00000000eaab0000,0x00000000f27a0000,0x00000000f27a0000)
  from space 19648K, 99% used [0x00000000f27a0000,0x00000000f3ace6b0,0x00000000f3ad0000)
  to   space 31488K, 0% used [0x00000000fc350000,0x00000000fc350000,0x00000000fe210000)
 ParOldGen       total 86912K, used 41807K [0x00000000c0000000, 0x00000000c54e0000, 0x00000000eaab0000)
  object space 86912K, 48% used [0x00000000c0000000,0x00000000c28d3cd8,0x00000000c54e0000)
 PSPermGen       total 21248K, used 6288K [0x00000000bae00000, 0x00000000bc2c0000, 0x00000000c0000000)
  object space 21248K, 29% used [0x00000000bae00000,0x00000000bb424040,0x00000000bc2c0000)
Event: 9.667 GC heap after
Heap after GC invocations=8 (full 0):
 PSYoungGen      total 279104K, used 31469K [0x00000000eaab0000, 0x00000000ff230000, 0x0000000100000000)
  eden space 247616K, 0% used [0x00000000eaab0000,0x00000000eaab0000,0x00000000f9c80000)
  from space 31488K, 99% used [0x00000000fc350000,0x00000000fe20b5d8,0x00000000fe210000)
  to   space 39744K, 0% used [0x00000000f9c80000,0x00000000f9c80000,0x00000000fc350000)
 ParOldGen       total 86912K, used 48712K [0x00000000c0000000, 0x00000000c54e0000, 0x00000000eaab0000)
  object space 86912K, 56% used [0x00000000c0000000,0x00000000c2f92320,0x00000000c54e0000)
 PSPermGen       total 21248K, used 6288K [0x00000000bae00000, 0x00000000bc2c0000, 0x00000000c0000000)
  object space 21248K, 29% used [0x00000000bae00000,0x00000000bb424040,0x00000000bc2c0000)
}

