# JRE version: 7.0_13-b20
# Java VM: Java HotSpot(TM) 64-Bit Server VM (23.7-b01 mixed mode windows-amd64 compressed oops)
Heap
 PSYoungGen      total 291968K, used 61904K [0x00000000eaab0000, 0x00000000fe680000, 0x0000000100000000)
  eden space 273728K, 22% used [0x00000000eaab0000,0x00000000ee724050,0x00000000fb600000)
  from space 18240K, 0% used [0x00000000fd490000,0x00000000fd490000,0x00000000fe660000)
  to   space 24832K, 0% used [0x00000000fb600000,0x00000000fb600000,0x00000000fce40000)
 ParOldGen       total 86912K, used 32723K [0x00000000c0000000, 0x00000000c54e0000, 0x00000000eaab0000)
  object space 86912K, 37% used [0x00000000c0000000,0x00000000c1ff4c08,0x00000000c54e0000)
 PSPermGen       total 112448K, used 57897K [0x00000000b0000000, 0x00000000b6dd0000, 0x00000000c0000000)
  object space 112448K, 51% used [0x00000000b0000000,0x00000000b388a5f0,0x00000000b6dd0000)
GC Heap History (10 events):
Event: 1201.513 GC heap before
{Heap before GC invocations=18 (full 2):
 PSYoungGen      total 298112K, used 66450K [0x00000000eaab0000, 0x00000000fee00000, 0x0000000100000000)
  eden space 286528K, 19% used [0x00000000eaab0000,0x00000000ee04fec0,0x00000000fc280000)
  from space 11584K, 99% used [0x00000000fcfb0000,0x00000000fdaf4b08,0x00000000fdb00000)
  to   space 19456K, 0% used [0x00000000fdb00000,0x00000000fdb00000,0x00000000fee00000)
 ParOldGen       total 86912K, used 45219K [0x00000000c0000000, 0x00000000c54e0000, 0x00000000eaab0000)
  object space 86912K, 52% used [0x00000000c0000000,0x00000000c2c28c58,0x00000000c54e0000)
 PSPermGen       total 116672K, used 58088K [0x00000000b0000000, 0x00000000b71f0000, 0x00000000c0000000)
  object space 116672K, 49% used [0x00000000b0000000,0x00000000b38ba288,0x00000000b71f0000)
Event: 1201.520 GC heap after
Heap after GC invocations=18 (full 2):
 PSYoungGen      total 305984K, used 642K [0x00000000eaab0000, 0x00000000feec0000, 0x0000000100000000)
  eden space 286528K, 0% used [0x00000000eaab0000,0x00000000eaab0000,0x00000000fc280000)
  from space 19456K, 3% used [0x00000000fdb00000,0x00000000fdba0aa8,0x00000000fee00000)
  to   space 22656K, 0% used [0x00000000fc280000,0x00000000fc280000,0x00000000fd8a0000)
 ParOldGen       total 86912K, used 47274K [0x00000000c0000000, 0x00000000c54e0000, 0x00000000eaab0000)
  object space 86912K, 54% used [0x00000000c0000000,0x00000000c2e2ab68,0x00000000c54e0000)
 PSPermGen       total 116672K, used 58088K [0x00000000b0000000, 0x00000000b71f0000, 0x00000000c0000000)
  object space 116672K, 49% used [0x00000000b0000000,0x00000000b38ba288,0x00000000b71f0000)
}
Event: 1201.520 GC heap before
{Heap before GC invocations=19 (full 3):
 PSYoungGen      total 305984K, used 642K [0x00000000eaab0000, 0x00000000feec0000, 0x0000000100000000)
  eden space 286528K, 0% used [0x00000000eaab0000,0x00000000eaab0000,0x00000000fc280000)
  from space 19456K, 3% used [0x00000000fdb00000,0x00000000fdba0aa8,0x00000000fee00000)
  to   space 22656K, 0% used [0x00000000fc280000,0x00000000fc280000,0x00000000fd8a0000)
 ParOldGen       total 86912K, used 47274K [0x00000000c0000000, 0x00000000c54e0000, 0x00000000eaab0000)
  object space 86912K, 54% used [0x00000000c0000000,0x00000000c2e2ab68,0x00000000c54e0000)
 PSPermGen       total 116672K, used 58088K [0x00000000b0000000, 0x00000000b71f0000, 0x00000000c0000000)
  object space 116672K, 49% used [0x00000000b0000000,0x00000000b38ba288,0x00000000b71f0000)
Event: 1201.812 GC heap after
Heap after GC invocations=19 (full 3):
 PSYoungGen      total 305984K, used 0K [0x00000000eaab0000, 0x00000000feec0000, 0x0000000100000000)
  eden space 286528K, 0% used [0x00000000eaab0000,0x00000000eaab0000,0x00000000fc280000)
  from space 19456K, 0% used [0x00000000fdb00000,0x00000000fdb00000,0x00000000fee00000)
  to   space 22656K, 0% used [0x00000000fc280000,0x00000000fc280000,0x00000000fd8a0000)
 ParOldGen       total 86912K, used 25664K [0x00000000c0000000, 0x00000000c54e0000, 0x00000000eaab0000)
  object space 86912K, 29% used [0x00000000c0000000,0x00000000c19102b0,0x00000000c54e0000)
 PSPermGen       total 115648K, used 56881K [0x00000000b0000000, 0x00000000b70f0000, 0x00000000c0000000)
  object space 115648K, 49% used [0x00000000b0000000,0x00000000b378c7e0,0x00000000b70f0000)
}
Event: 7698.199 GC heap before
{Heap before GC invocations=20 (full 3):
 PSYoungGen      total 305984K, used 286528K [0x00000000eaab0000, 0x00000000feec0000, 0x0000000100000000)
  eden space 286528K, 100% used [0x00000000eaab0000,0x00000000fc280000,0x00000000fc280000)
  from space 19456K, 0% used [0x00000000fdb00000,0x00000000fdb00000,0x00000000fee00000)
  to   space 22656K, 0% used [0x00000000fc280000,0x00000000fc280000,0x00000000fd8a0000)
 ParOldGen       total 86912K, used 25664K [0x00000000c0000000, 0x00000000c54e0000, 0x00000000eaab0000)
  object space 86912K, 29% used [0x00000000c0000000,0x00000000c19102b0,0x00000000c54e0000)
 PSPermGen       total 115648K, used 57887K [0x00000000b0000000, 0x00000000b70f0000, 0x00000000c0000000)
  object space 115648K, 50% used [0x00000000b0000000,0x00000000b3887cd0,0x00000000b70f0000)
Event: 7698.226 GC heap after
Heap after GC invocations=20 (full 3):
 PSYoungGen      total 292224K, used 18478K [0x00000000eaab0000, 0x00000000fe660000, 0x0000000100000000)
  eden space 273728K, 0% used [0x00000000eaab0000,0x00000000eaab0000,0x00000000fb600000)
  from space 18496K, 99% used [0x00000000fc280000,0x00000000fd48b8e8,0x00000000fd490000)
  to   space 18240K, 0% used [0x00000000fd490000,0x00000000fd490000,0x00000000fe660000)
 ParOldGen       total 86912K, used 25664K [0x00000000c0000000, 0x00000000c54e0000, 0x00000000eaab0000)
  object space 86912K, 29% used [0x00000000c0000000,0x00000000c19102b0,0x00000000c54e0000)
 PSPermGen       total 115648K, used 57887K [0x00000000b0000000, 0x00000000b70f0000, 0x00000000c0000000)
  object space 115648K, 50% used [0x00000000b0000000,0x00000000b3887cd0,0x00000000b70f0000)
}
Event: 7698.573 GC heap before
{Heap before GC invocations=21 (full 3):
 PSYoungGen      total 292224K, used 29030K [0x00000000eaab0000, 0x00000000fe660000, 0x0000000100000000)
  eden space 273728K, 3% used [0x00000000eaab0000,0x00000000eb4fe290,0x00000000fb600000)
  from space 18496K, 99% used [0x00000000fc280000,0x00000000fd48b8e8,0x00000000fd490000)
  to   space 18240K, 0% used [0x00000000fd490000,0x00000000fd490000,0x00000000fe660000)
 ParOldGen       total 86912K, used 25664K [0x00000000c0000000, 0x00000000c54e0000, 0x00000000eaab0000)
  object space 86912K, 29% used [0x00000000c0000000,0x00000000c19102b0,0x00000000c54e0000)
 PSPermGen       total 115648K, used 58235K [0x00000000b0000000, 0x00000000b70f0000, 0x00000000c0000000)
  object space 115648K, 50% used [0x00000000b0000000,0x00000000b38dedc0,0x00000000b70f0000)
Event: 7698.590 GC heap after
Heap after GC invocations=21 (full 3):
 PSYoungGen      total 291968K, used 874K [0x00000000eaab0000, 0x00000000fe680000, 0x0000000100000000)
  eden space 273728K, 0% used [0x00000000eaab0000,0x00000000eaab0000,0x00000000fb600000)
  from space 18240K, 4% used [0x00000000fd490000,0x00000000fd56aa08,0x00000000fe660000)
  to   space 24832K, 0% used [0x00000000fb600000,0x00000000fb600000,0x00000000fce40000)
 ParOldGen       total 86912K, used 40339K [0x00000000c0000000, 0x00000000c54e0000, 0x00000000eaab0000)
  object space 86912K, 46% used [0x00000000c0000000,0x00000000c2764d28,0x00000000c54e0000)
 PSPermGen       total 115648K, used 58235K [0x00000000b0000000, 0x00000000b70f0000, 0x00000000c0000000)
  object space 115648K, 50% used [0x00000000b0000000,0x00000000b38dedc0,0x00000000b70f0000)
}
Event: 7698.590 GC heap before
{Heap before GC invocations=22 (full 4):
 PSYoungGen      total 291968K, used 874K [0x00000000eaab0000, 0x00000000fe680000, 0x0000000100000000)
  eden space 273728K, 0% used [0x00000000eaab0000,0x00000000eaab0000,0x00000000fb600000)
  from space 18240K, 4% used [0x00000000fd490000,0x00000000fd56aa08,0x00000000fe660000)
  to   space 24832K, 0% used [0x00000000fb600000,0x00000000fb600000,0x00000000fce40000)
 ParOldGen       total 86912K, used 40339K [0x00000000c0000000, 0x00000000c54e0000, 0x00000000eaab0000)
  object space 86912K, 46% used [0x00000000c0000000,0x00000000c2764d28,0x00000000c54e0000)
 PSPermGen       total 115648K, used 58235K [0x00000000b0000000, 0x00000000b70f0000, 0x00000000c0000000)
  object space 115648K, 50% used [0x00000000b0000000,0x00000000b38dedc0,0x00000000b70f0000)
Event: 7698.995 GC heap after
Heap after GC invocations=22 (full 4):
 PSYoungGen      total 291968K, used 0K [0x00000000eaab0000, 0x00000000fe680000, 0x0000000100000000)
  eden space 273728K, 0% used [0x00000000eaab0000,0x00000000eaab0000,0x00000000fb600000)
  from space 18240K, 0% used [0x00000000fd490000,0x00000000fd490000,0x00000000fe660000)
  to   space 24832K, 0% used [0x00000000fb600000,0x00000000fb600000,0x00000000fce40000)
 ParOldGen       total 86912K, used 32723K [0x00000000c0000000, 0x00000000c54e0000, 0x00000000eaab0000)
  object space 86912K, 37% used [0x00000000c0000000,0x00000000c1ff4c08,0x00000000c54e0000)
 PSPermGen       total 112448K, used 57720K [0x00000000b0000000, 0x00000000b6dd0000, 0x00000000c0000000)
  object space 112448K, 51% used [0x00000000b0000000,0x00000000b385e188,0x00000000b6dd0000)
}

